<?xml version="1.0" encoding="UTF-8"?>
<!-- Generated by org.testng.reporters.JUnitXMLReporter -->
<testsuite hostname="Administrator" ignored="2" name="Test" tests="1" failures="0" timestamp="13 Jul 2020 04:08:25 GMT" time="24.043" errors="0">
  <testcase name="tc001_VerifyLoginAuthentication" time="11.35" classname="com.dyt.hrm.testcases.Leave_TestCases"/>
  <testcase name="tc003_CancelLeave" time="0.0" classname="com.dyt.hrm.testcases.Leave_TestCases">
    <ignored/>
  </testcase> <!-- tc003_CancelLeave -->
  <testcase name="tc002_ApplyLeave" time="0.0" classname="com.dyt.hrm.testcases.Leave_TestCases">
    <ignored/>
  </testcase> <!-- tc002_ApplyLeave -->
</testsuite> <!-- Test -->
