<?xml version="1.0" encoding="UTF-8"?>
<!-- Generated by org.testng.reporters.JUnitXMLReporter -->
<testsuite hostname="Administrator" ignored="2" name="Test" tests="1" failures="0" timestamp="03 Aug 2020 05:15:07 GMT" time="26.866" errors="0">
  <testcase name="tc001_VerifyLoginAuthentication" time="10.719" classname="com.dyt.hrm.testcases.Leave_TestCases"/>
  <testcase name="tc003_CancelLeave" time="0.0" classname="com.dyt.hrm.testcases.Leave_TestCases">
    <ignored/>
  </testcase> <!-- tc003_CancelLeave -->
  <testcase name="tc002_ApplyLeave" time="0.0" classname="com.dyt.hrm.testcases.Leave_TestCases">
    <ignored/>
  </testcase> <!-- tc002_ApplyLeave -->
</testsuite> <!-- Test -->
