<?xml version="1.0" encoding="UTF-8"?>
<testng-results skipped="0" failed="0" ignored="2" total="3" passed="1">
  <reporter-output>
  </reporter-output>
  <suite name="Suite" duration-ms="26866" started-at="2020-08-03T05:14:40Z" finished-at="2020-08-03T05:15:07Z">
    <groups>
    </groups>
    <test name="Test" duration-ms="26866" started-at="2020-08-03T05:14:40Z" finished-at="2020-08-03T05:15:07Z">
      <class name="com.dyt.hrm.testcases.Leave_TestCases">
        <test-method status="PASS" signature="setupReport()[pri:0, instance:com.dyt.hrm.testcases.Leave_TestCases@5622fdf]" name="setupReport" is-config="true" duration-ms="367" started-at="2020-08-03T05:14:40Z" finished-at="2020-08-03T05:14:40Z">
          <reporter-output>
          </reporter-output>
        </test-method> <!-- setupReport -->
        <test-method status="PASS" signature="launchBrowser(java.lang.reflect.Method)[pri:0, instance:com.dyt.hrm.testcases.Leave_TestCases@5622fdf]" name="launchBrowser" is-config="true" duration-ms="15792" started-at="2020-08-03T05:14:40Z" finished-at="2020-08-03T05:14:56Z">
          <params>
            <param index="0">
              <value>
                <![CDATA[void com.dyt.hrm.testcases.Leave_TestCases.tc001_VerifyLoginAuthentication()]]>
              </value>
            </param>
          </params>
          <reporter-output>
          </reporter-output>
        </test-method> <!-- launchBrowser -->
        <test-method status="PASS" signature="tc001_VerifyLoginAuthentication()[pri:0, instance:com.dyt.hrm.testcases.Leave_TestCases@5622fdf]" name="tc001_VerifyLoginAuthentication" duration-ms="10719" started-at="2020-08-03T05:14:56Z" finished-at="2020-08-03T05:15:07Z">
          <reporter-output>
          </reporter-output>
        </test-method> <!-- tc001_VerifyLoginAuthentication -->
        <test-method status="PASS" signature="closeBrowser()[pri:0, instance:com.dyt.hrm.testcases.Leave_TestCases@5622fdf]" name="closeBrowser" is-config="true" duration-ms="288" started-at="2020-08-03T05:15:07Z" finished-at="2020-08-03T05:15:07Z">
          <reporter-output>
          </reporter-output>
        </test-method> <!-- closeBrowser -->
        <test-method status="PASS" signature="flushReportAndOpen()[pri:0, instance:com.dyt.hrm.testcases.Leave_TestCases@5622fdf]" name="flushReportAndOpen" is-config="true" duration-ms="11168" started-at="2020-08-03T05:15:07Z" finished-at="2020-08-03T05:15:18Z">
          <reporter-output>
          </reporter-output>
        </test-method> <!-- flushReportAndOpen -->
      </class> <!-- com.dyt.hrm.testcases.Leave_TestCases -->
    </test> <!-- Test -->
  </suite> <!-- Suite -->
</testng-results>
