<?xml version="1.0" encoding="UTF-8"?>
<testng-results skipped="0" failed="0" ignored="1" total="3" passed="2">
  <reporter-output>
  </reporter-output>
  <suite name="Suite" duration-ms="28964" started-at="2020-07-08T03:48:55Z" finished-at="2020-07-08T03:49:24Z">
    <groups>
    </groups>
    <test name="Test" duration-ms="28964" started-at="2020-07-08T03:48:55Z" finished-at="2020-07-08T03:49:24Z">
      <class name="com.dyt.hrm.testcases.Leave_TestCases">
        <test-method status="PASS" signature="setupReport()[pri:0, instance:com.dyt.hrm.testcases.Leave_TestCases@5622fdf]" name="setupReport" is-config="true" duration-ms="400" started-at="2020-07-08T03:48:55Z" finished-at="2020-07-08T03:48:55Z">
          <reporter-output>
          </reporter-output>
        </test-method> <!-- setupReport -->
        <test-method status="PASS" signature="launchBrowser(java.lang.reflect.Method)[pri:0, instance:com.dyt.hrm.testcases.Leave_TestCases@5622fdf]" name="launchBrowser" is-config="true" duration-ms="11142" started-at="2020-07-08T03:48:55Z" finished-at="2020-07-08T03:49:06Z">
          <params>
            <param index="0">
              <value>
                <![CDATA[void com.dyt.hrm.testcases.Leave_TestCases.tc001_VerifyLoginAuthentication()]]>
              </value>
            </param>
          </params>
          <reporter-output>
          </reporter-output>
        </test-method> <!-- launchBrowser -->
        <test-method status="PASS" signature="tc001_VerifyLoginAuthentication()[pri:0, instance:com.dyt.hrm.testcases.Leave_TestCases@5622fdf]" name="tc001_VerifyLoginAuthentication" duration-ms="860" started-at="2020-07-08T03:49:06Z" finished-at="2020-07-08T03:49:07Z">
          <reporter-output>
          </reporter-output>
        </test-method> <!-- tc001_VerifyLoginAuthentication -->
        <test-method status="PASS" signature="closeBrowser()[pri:0, instance:com.dyt.hrm.testcases.Leave_TestCases@5622fdf]" name="closeBrowser" is-config="true" duration-ms="4296" started-at="2020-07-08T03:49:07Z" finished-at="2020-07-08T03:49:12Z">
          <reporter-output>
          </reporter-output>
        </test-method> <!-- closeBrowser -->
        <test-method status="PASS" signature="launchBrowser(java.lang.reflect.Method)[pri:0, instance:com.dyt.hrm.testcases.Leave_TestCases@5622fdf]" name="launchBrowser" is-config="true" duration-ms="7536" started-at="2020-07-08T03:49:12Z" finished-at="2020-07-08T03:49:19Z">
          <params>
            <param index="0">
              <value>
                <![CDATA[void com.dyt.hrm.testcases.Leave_TestCases.tc002_ApplyLeave_Validate()]]>
              </value>
            </param>
          </params>
          <reporter-output>
          </reporter-output>
        </test-method> <!-- launchBrowser -->
        <test-method status="PASS" signature="tc002_ApplyLeave_Validate()[pri:0, instance:com.dyt.hrm.testcases.Leave_TestCases@5622fdf]" name="tc002_ApplyLeave_Validate" duration-ms="818" started-at="2020-07-08T03:49:19Z" finished-at="2020-07-08T03:49:20Z">
          <reporter-output>
          </reporter-output>
        </test-method> <!-- tc002_ApplyLeave_Validate -->
        <test-method status="PASS" signature="closeBrowser()[pri:0, instance:com.dyt.hrm.testcases.Leave_TestCases@5622fdf]" name="closeBrowser" is-config="true" duration-ms="4225" started-at="2020-07-08T03:49:20Z" finished-at="2020-07-08T03:49:24Z">
          <reporter-output>
          </reporter-output>
        </test-method> <!-- closeBrowser -->
        <test-method status="PASS" signature="flushReportAndOpen()[pri:0, instance:com.dyt.hrm.testcases.Leave_TestCases@5622fdf]" name="flushReportAndOpen" is-config="true" duration-ms="11067" started-at="2020-07-08T03:49:24Z" finished-at="2020-07-08T03:49:35Z">
          <reporter-output>
          </reporter-output>
        </test-method> <!-- flushReportAndOpen -->
      </class> <!-- com.dyt.hrm.testcases.Leave_TestCases -->
    </test> <!-- Test -->
  </suite> <!-- Suite -->
</testng-results>
